  entry.cpp
C:\Users\hanne\source\repos\modern_cs2\modern_cs2\driver\driver.hpp(16,2): warning C4091: 'typedef ': ignored on left of 'operation_module' when no variable is declared
C:\Users\hanne\source\repos\modern_cs2\modern_cs2\driver\driver.hpp(21,2): warning C4091: 'typedef ': ignored on left of 'operation_peb' when no variable is declared
C:\Users\hanne\source\repos\modern_cs2\modern_cs2\driver\driver.hpp(27,2): warning C4091: 'typedef ': ignored on left of 'operation_rw' when no variable is declared
C:\Users\hanne\source\repos\modern_cs2\modern_cs2\driver\driver.hpp(32,2): warning C4091: 'typedef ': ignored on left of 'operation_cr3' when no variable is declared
C:\Users\hanne\source\repos\modern_cs2\modern_cs2\math\math.hpp(88,46): warning C4305: 'initializing': truncation from 'double' to 'const float'
C:\Users\hanne\source\repos\modern_cs2\modern_cs2\render\Renderer.hpp(3,45): warning C4305: 'initializing': truncation from 'double' to 'const float'
C:\Users\hanne\source\repos\modern_cs2\modern_cs2\render\Renderer.hpp(77,78): warning C4244: 'argument': conversion from 'double' to 'float', possible loss of data
C:\Users\hanne\source\repos\modern_cs2\modern_cs2\render\Renderer.hpp(77,73): warning C4244: 'argument': conversion from 'double' to 'float', possible loss of data
C:\Users\hanne\source\repos\modern_cs2\modern_cs2\render\Renderer.hpp(77,59): warning C4244: 'argument': conversion from 'double' to 'float', possible loss of data
C:\Users\hanne\source\repos\modern_cs2\modern_cs2\render\Renderer.hpp(77,55): warning C4244: 'argument': conversion from 'double' to 'float', possible loss of data
C:\Users\hanne\source\repos\modern_cs2\modern_cs2\render\Overlay\Overlay.hpp(61,48): warning C4244: '=': conversion from 'LONG' to 'float', possible loss of data
C:\Users\hanne\source\repos\modern_cs2\modern_cs2\render\Overlay\Overlay.hpp(62,49): warning C4244: '=': conversion from 'LONG' to 'float', possible loss of data
C:\Users\hanne\source\repos\modern_cs2\modern_cs2\render\Overlay\Overlay.hpp(73,150): warning C4244: 'argument': conversion from 'float' to 'int', possible loss of data
C:\Users\hanne\source\repos\modern_cs2\modern_cs2\render\Overlay\Overlay.hpp(73,124): warning C4244: 'argument': conversion from 'float' to 'int', possible loss of data
C:\Users\hanne\source\repos\modern_cs2\modern_cs2\render\Overlay\Overlay.hpp(73,98): warning C4244: 'argument': conversion from 'float' to 'int', possible loss of data
C:\Users\hanne\source\repos\modern_cs2\modern_cs2\render\Overlay\Overlay.hpp(73,73): warning C4244: 'argument': conversion from 'float' to 'int', possible loss of data
C:\Users\hanne\source\repos\modern_cs2\modern_cs2\render\Overlay\Overlay.hpp(92,68): warning C4244: '=': conversion from 'float' to 'UINT', possible loss of data
C:\Users\hanne\source\repos\modern_cs2\modern_cs2\render\Overlay\Overlay.hpp(93,69): warning C4244: '=': conversion from 'float' to 'UINT', possible loss of data
C:\Users\hanne\source\repos\modern_cs2\modern_cs2\render\menu\menu.hpp(43,17): warning C4244: 'initializing': conversion from 'float' to 'int', possible loss of data
C:\Users\hanne\source\repos\modern_cs2\modern_cs2\render\menu\menu.hpp(47,17): warning C4244: '=': conversion from 'float' to 'int', possible loss of data
C:\Users\hanne\source\repos\modern_cs2\modern_cs2\render\menu\menu.hpp(52,32): warning C4244: 'argument': conversion from 'int' to 'float', possible loss of data
C:\Users\hanne\source\repos\modern_cs2\modern_cs2\render\menu\menu.hpp(52,29): warning C4244: 'argument': conversion from 'int' to 'float', possible loss of data
C:\Users\hanne\source\repos\modern_cs2\modern_cs2\render\menu\menu.hpp(52,26): warning C4244: 'argument': conversion from 'int' to 'float', possible loss of data
C:\Users\hanne\source\repos\modern_cs2\modern_cs2\render\menu\menu.hpp(53,25): warning C4244: 'argument': conversion from 'int' to 'float', possible loss of data
C:\Users\hanne\source\repos\modern_cs2\modern_cs2\render\menu\menu.hpp(53,22): warning C4244: 'argument': conversion from 'int' to 'float', possible loss of data
C:\Users\hanne\source\repos\modern_cs2\modern_cs2\render\menu\menu.hpp(53,19): warning C4244: 'argument': conversion from 'int' to 'float', possible loss of data
C:\Users\hanne\source\repos\modern_cs2\modern_cs2\render\menu\menu.hpp(57,47): warning C4244: 'argument': conversion from 'int' to 'float', possible loss of data
C:\Users\hanne\source\repos\modern_cs2\modern_cs2\render\menu\menu.hpp(57,28): warning C4244: 'argument': conversion from 'int' to 'float', possible loss of data
C:\Users\hanne\source\repos\modern_cs2\modern_cs2\render\menu\menu.hpp(146,40): warning C4267: '=': conversion from 'size_t' to 'int', possible loss of data
C:\Users\hanne\source\repos\modern_cs2\modern_cs2\render\menu\menu.hpp(161,73): warning C4267: '=': conversion from 'size_t' to 'int', possible loss of data
C:\Users\hanne\source\repos\modern_cs2\modern_cs2\render\menu\menu.hpp(232,103): warning C4244: 'argument': conversion from 'T' to 'int', possible loss of data
          with
          [
              T=float
          ]
C:\Users\hanne\source\repos\modern_cs2\modern_cs2\render\menu\menu.hpp(232,45): warning C4244: 'argument': conversion from 'T' to 'int', possible loss of data
          with
          [
              T=float
          ]
C:\Users\hanne\source\repos\modern_cs2\modern_cs2\render\menu\menu.hpp(310,16): warning C4244: 'initializing': conversion from 'float' to 'int', possible loss of data
C:\Users\hanne\source\repos\modern_cs2\modern_cs2\render\menu\menu.hpp(314,16): warning C4244: '=': conversion from 'float' to 'int', possible loss of data
C:\Users\hanne\source\repos\modern_cs2\modern_cs2\render\menu\menu.hpp(317,33): warning C4244: '=': conversion from 'int' to 'T', possible loss of data
          with
          [
              T=float
          ]
C:\Users\hanne\source\repos\modern_cs2\modern_cs2\source_engine\engine.hpp(141,106): warning C4311: 'reinterpret_cast': pointer truncation from 'c_base_player_pawn *' to 'uint32_t'
C:\Users\hanne\source\repos\modern_cs2\modern_cs2\source_engine\engine.hpp(141,106): warning C4302: 'reinterpret_cast': truncation from 'c_base_player_pawn *' to 'uint32_t'
C:\Users\hanne\source\repos\modern_cs2\modern_cs2\source_engine\engine.hpp(155,99): warning C4311: 'reinterpret_cast': pointer truncation from 'c_base_player_pawn *' to 'uint32_t'
C:\Users\hanne\source\repos\modern_cs2\modern_cs2\source_engine\engine.hpp(155,99): warning C4302: 'reinterpret_cast': truncation from 'c_base_player_pawn *' to 'uint32_t'
C:\Users\hanne\source\repos\modern_cs2\modern_cs2\source_engine\engine.hpp(215,20): warning C4244: 'initializing': conversion from 'double' to 'float', possible loss of data
C:\Users\hanne\source\repos\modern_cs2\modern_cs2\source_engine\engine.hpp(217,30): warning C4244: '=': conversion from 'double' to 'float', possible loss of data
C:\Users\hanne\source\repos\modern_cs2\modern_cs2\source_engine\engine.hpp(218,30): warning C4244: '=': conversion from 'double' to 'float', possible loss of data
C:\Users\hanne\source\repos\modern_cs2\modern_cs2\source_engine\engine.hpp(219,30): warning C4244: '=': conversion from 'double' to 'float', possible loss of data
C:\Users\hanne\source\repos\modern_cs2\modern_cs2\source_engine\engine.hpp(236,18): warning C4244: 'initializing': conversion from 'float' to 'int', possible loss of data
C:\Users\hanne\source\repos\modern_cs2\modern_cs2\source_engine\engine.hpp(241,21): warning C4244: 'initializing': conversion from 'float' to 'int', possible loss of data
C:\Users\hanne\source\repos\modern_cs2\modern_cs2\source_engine\engine.hpp(242,20): warning C4244: 'initializing': conversion from 'float' to 'int', possible loss of data
C:\Users\hanne\source\repos\modern_cs2\modern_cs2\source_engine\engine.hpp(246,21): warning C4244: 'initializing': conversion from 'float' to 'int', possible loss of data
C:\Users\hanne\source\repos\modern_cs2\modern_cs2\source_engine\engine.hpp(247,20): warning C4244: 'initializing': conversion from 'float' to 'int', possible loss of data
C:\Users\hanne\source\repos\modern_cs2\modern_cs2\source_engine\engine.hpp(253,16): warning C4244: 'initializing': conversion from 'unsigned int' to 'float', possible loss of data
C:\Users\hanne\source\repos\modern_cs2\modern_cs2\source_engine\engine.hpp(271,65): warning C4244: 'argument': conversion from 'int' to 'float', possible loss of data
C:\Users\hanne\source\repos\modern_cs2\modern_cs2\source_engine\engine.hpp(271,49): warning C4244: 'argument': conversion from 'int' to 'float', possible loss of data
C:\Users\hanne\source\repos\modern_cs2\modern_cs2\source_engine\engine.hpp(271,35): warning C4244: 'argument': conversion from 'int' to 'float', possible loss of data
C:\Users\hanne\source\repos\modern_cs2\modern_cs2\source_engine\engine.hpp(271,20): warning C4244: 'argument': conversion from 'int' to 'float', possible loss of data
C:\Users\hanne\source\repos\modern_cs2\modern_cs2\source_engine\engine.hpp(283,65): warning C4244: 'argument': conversion from 'int' to 'float', possible loss of data
C:\Users\hanne\source\repos\modern_cs2\modern_cs2\source_engine\engine.hpp(283,49): warning C4244: 'argument': conversion from 'int' to 'float', possible loss of data
C:\Users\hanne\source\repos\modern_cs2\modern_cs2\source_engine\engine.hpp(283,35): warning C4244: 'argument': conversion from 'int' to 'float', possible loss of data
C:\Users\hanne\source\repos\modern_cs2\modern_cs2\source_engine\engine.hpp(283,20): warning C4244: 'argument': conversion from 'int' to 'float', possible loss of data
C:\Users\hanne\source\repos\modern_cs2\modern_cs2\entry.cpp(58,1): warning C4102: 'render_menu': unreferenced label
C:\Users\hanne\source\repos\modern_cs2\modern_cs2\entry.cpp(210,78): warning C4244: 'argument': conversion from 'unsigned __int64' to 'DWORD', possible loss of data
C:\Users\hanne\source\repos\modern_cs2\modern_cs2\entry.cpp(189,35): warning C4101: 'windows_directory': unreferenced local variable
  Generating code
  186 of 2010 functions ( 9.3%) were compiled, the rest were copied from previous compilation.
    114 functions were new in current compilation
    32 functions had inline decision re-evaluated but remain unchanged
  Finished generating code
  modern_cs2.vcxproj -> C:\Users\hanne\source\repos\modern_cs2\x64\Release\modern_cs2.exe

Project Performance Summary:
     4061 ms  C:\Users\hanne\source\repos\modern_cs2\modern_cs2\modern_cs2.vcxproj   1 calls
               4061 ms  Build                                      1 calls

Target Performance Summary:
        0 ms  AfterBuildCompileEvent                     1 calls
        0 ms  ComputeLinkImportLibraryOutputsForClean    1 calls
        0 ms  ComputeLinkSwitches                        1 calls
        0 ms  PreLinkEvent                               1 calls
        0 ms  DoLinkOutputFilesMatch                     1 calls
        0 ms  PrepareResourceNames                       1 calls
        0 ms  CreateCustomManifestResourceNames          1 calls
        0 ms  SplitResourcesByCulture                    1 calls
        0 ms  ComputeManifestInputsTargets               1 calls
        0 ms  ComputeLinkInputsFromProject               1 calls
        0 ms  ComputeCLGeneratedLinkInputs               1 calls
        0 ms  _Link                                      1 calls
        0 ms  ComputeCLOutputs                           1 calls
        0 ms  ComputeRCGeneratedLinkInputs               1 calls
        0 ms  ComputeRCOutputs                           1 calls
        0 ms  BeforeLink                                 1 calls
        0 ms  BuildLinkTraverse                          1 calls
        0 ms  BuildCompile                               1 calls
        0 ms  _BuildCompileAction                        1 calls
        0 ms  _ResourceCompile                           1 calls
        0 ms  AfterResourceCompile                       1 calls
        0 ms  MakeDirsForResourceCompile                 1 calls
        0 ms  BeforeResourceCompile                      1 calls
        0 ms  ComputeManifestGeneratedLinkerInputs       1 calls
        0 ms  _ALink                                     1 calls
        0 ms  _Manifest                                  1 calls
        0 ms  RegisterOutput                             1 calls
        0 ms  IncrementalClean                           1 calls
        0 ms  AfterBuild                                 1 calls
        0 ms  BuildLink                                  1 calls
        0 ms  _BuildLinkAction                           1 calls
        0 ms  PrepareForRun                              1 calls
        0 ms  CopyFilesToOutputDirectory                 1 calls
        0 ms  _CopySourceItemsToOutputDirectory          1 calls
        0 ms  _GetCopyToOutputDirectoryItemsFromTransitiveProjectReferences   1 calls
        0 ms  GetCopyToOutputDirectoryXamlAppDefs        1 calls
        0 ms  _PopulateCommonStateForGetCopyToOutputDirectoryItems   1 calls
        0 ms  _Deploy                                    1 calls
        0 ms  _Appverifier                               1 calls
        0 ms  CreateSatelliteAssemblies                  1 calls
        0 ms  _GenerateSatelliteAssemblyInputs           1 calls
        0 ms  MakeDirsForFxc                             1 calls
        0 ms  SatelliteDllsProjectOutputGroup            1 calls
        0 ms  BuiltProjectOutputGroup                    1 calls
        0 ms  _BscMake                                   1 calls
        0 ms  MakeDirsForBscMake                         1 calls
        0 ms  _XdcMake                                   1 calls
        0 ms  MakeDirsForXdcMake                         1 calls
        0 ms  ComputeCLCompileGeneratedXDCFiles          1 calls
        0 ms  ResolvedXDCMake                            1 calls
        0 ms  _ClCompile                                 1 calls
        0 ms  AfterClCompile                             1 calls
        0 ms  Build                                      1 calls
        0 ms  SelectClCompile                            1 calls
        0 ms  CopyFileToFolders                          1 calls
        0 ms  ResolveProjectReferences                   1 calls
        0 ms  GetFrameworkPaths                          1 calls
        0 ms  ComputeCustomBuildOutput                   1 calls
        0 ms  SelectCustomBuild                          1 calls
        0 ms  GetReferenceAssemblyPaths                  1 calls
        0 ms  _SelectedFiles                             1 calls
        0 ms  AddExternalIncludDirectoriesToPaths        1 calls
        0 ms  PreBuildEvent                              1 calls
        0 ms  BeforeBuildGenerateSources                 1 calls
        0 ms  BuildGenerateSourcesTraverse               1 calls
        0 ms  GetResolvedWinMD                           1 calls
        0 ms  ResolveReferences                          1 calls
        0 ms  AfterResolveReferences                     1 calls
        0 ms  ResolveAssemblyReferences                  1 calls
        0 ms  ExpandSDKReferences                        1 calls
        0 ms  ResolveSDKReferences                       1 calls
        0 ms  _Xsd                                       1 calls
        0 ms  _CheckWindowsSDKInstalled                  1 calls
        0 ms  SetCABuildNativeEnvironmentVariables       1 calls
        0 ms  ComputeMIDLGeneratedCompileInputs          1 calls
        0 ms  _PrepareForBuild                           1 calls
        0 ms  _PrepareForReferenceResolution             1 calls
        0 ms  BeforeResolveReferences                    1 calls
        0 ms  AssignProjectConfiguration                 1 calls
        0 ms  GetReferencedVCProjectsInfo                1 calls
        0 ms  _AddOutputPathToGlobalPropertiesToRemove   1 calls
        0 ms  FindReferenceAssembliesForReferences       1 calls
        0 ms  PrepareProjectReferences                   1 calls
        0 ms  ComputeCLInputPDBName                      1 calls
        0 ms  BuildCompileTraverse                       1 calls
        0 ms  BuildGenerateSources                       1 calls
        0 ms  _BuildGenerateSourcesAction                1 calls
        0 ms  AfterBuildGenerateSourcesEvent             1 calls
        0 ms  AfterBuildGenerateSources                  1 calls
        0 ms  _Midl                                      1 calls
        0 ms  AfterMidl                                  1 calls
        0 ms  BeforeClCompile                            1 calls
        1 ms  ComputeCLCompileGeneratedSbrFiles          1 calls
        1 ms  MakeDirsForMidl                            1 calls
        1 ms  _GetProjectReferenceTargetFrameworkProperties   1 calls
        1 ms  _CheckForInvalidConfigurationAndPlatform   1 calls
        1 ms  AfterLink                                  1 calls
        1 ms  FixupCLCompileOptions                      1 calls
        1 ms  CreateRecipeFile                           1 calls
        1 ms  AssignTargetPaths                          1 calls
        1 ms  _SplitProjectReferencesByFileExistence     1 calls
        1 ms  SetBuildDefaultEnvironmentVariables        1 calls
        1 ms  MakeDirsForCl                              1 calls
        1 ms  ComputeLegacyManifestEmbedding             1 calls
        1 ms  SetTelemetryEnvironmentVariables           1 calls
        1 ms  MakeDirsForLink                            1 calls
        1 ms  WarnCompileDuplicatedFilename              1 calls
        1 ms  ContentFilesProjectOutputGroup             1 calls
        1 ms  CustomBuild                                1 calls
        1 ms  _GetCopyToOutputDirectoryItemsFromThisProject   1 calls
        1 ms  PostBuildEvent                             1 calls
        2 ms  InitializeBuildStatus                      1 calls
        2 ms  _CleanGetCurrentAndPriorFileWrites         1 calls
        2 ms  GetCopyToOutputDirectoryItems              1 calls
        3 ms  FinalizeBuildStatus                        1 calls
        3 ms  PrepareForBuild                            1 calls
        4 ms  ComputeReferenceCLInput                    1 calls
        6 ms  _CheckForCompileOutputs                    1 calls
     1768 ms  Link                                       1 calls
     2250 ms  ClCompile                                  1 calls

Task Performance Summary:
        0 ms  Message                                    3 calls
        0 ms  FindUnderPath                              5 calls
        0 ms  ConvertToAbsolutePath                      1 calls
        0 ms  AssignCulture                              1 calls
        0 ms  AssignTargetPath                           7 calls
        0 ms  ReadLinesFromFile                          2 calls
        0 ms  Delete                                     2 calls
        0 ms  SetRidAgnosticValueForProjects             1 calls
        0 ms  MSBuild                                    1 calls
        0 ms  AssignProjectConfiguration                 1 calls
        0 ms  CheckVCToolsetVersion                      1 calls
        1 ms  RemoveDuplicates                           2 calls
        1 ms  WriteLinesToFile                           1 calls
        1 ms  GenerateDesktopDeployRecipe                1 calls
        1 ms  SetEnv                                     9 calls
        1 ms  GetOutOfDateItems                          3 calls
        2 ms  MakeDir                                   10 calls
        2 ms  CallTarget                                 2 calls
        2 ms  Touch                                      2 calls
     1765 ms  Link                                       1 calls
     2248 ms  CL                                         1 calls
